

Started GET "/" for 127.0.0.1 at 2014-02-14 18:26:46 +0400
Processing by Rails::WelcomeController#index as HTML
  Rendered /Users/harrison/.rvm/gems/ruby-2.1.0/gems/railties-4.0.2/lib/rails/templates/rails/welcome/index.html.erb (1.7ms)
Completed 200 OK in 24ms (Views: 8.3ms | ActiveRecord: 0.0ms)


Started GET "/" for 127.0.0.1 at 2014-02-15 03:53:45 +0400

RuntimeError - YAML syntax error occurred while parsing /Users/harrison/Development/src/unlisted/config/database.yml. Please note that YAML must be consistently indented using spaces. Tabs are not allowed. Error: (<unknown>): could not find expected ':' while scanning a simple key at line 7 column 3:
  railties (4.0.2) lib/rails/application/configuration.rb:113:in `rescue in database_configuration'
  railties (4.0.2) lib/rails/application/configuration.rb:103:in `database_configuration'
  activerecord (4.0.2) lib/active_record/railtie.rb:175:in `block (2 levels) in <class:Railtie>'
  activesupport (4.0.2) lib/active_support/lazy_load_hooks.rb:38:in `execute_hook'
  activesupport (4.0.2) lib/active_support/lazy_load_hooks.rb:45:in `block in run_load_hooks'
  activesupport (4.0.2) lib/active_support/lazy_load_hooks.rb:44:in `run_load_hooks'
  activerecord (4.0.2) lib/active_record/base.rb:322:in `<module:ActiveRecord>'
  activerecord (4.0.2) lib/active_record/base.rb:22:in `<top (required)>'
  activerecord (4.0.2) lib/active_record/connection_adapters/abstract/connection_pool.rb:633:in `rescue in call'
  activerecord (4.0.2) lib/active_record/connection_adapters/abstract/connection_pool.rb:624:in `call'
  activerecord (4.0.2) lib/active_record/migration.rb:369:in `call'
  actionpack (4.0.2) lib/action_dispatch/middleware/callbacks.rb:29:in `block in call'
  activesupport (4.0.2) lib/active_support/callbacks.rb:373:in `_run__337475277559390175__call__callbacks'
  activesupport (4.0.2) lib/active_support/callbacks.rb:80:in `run_callbacks'
  actionpack (4.0.2) lib/action_dispatch/middleware/callbacks.rb:27:in `call'
  actionpack (4.0.2) lib/action_dispatch/middleware/reloader.rb:64:in `call'
  actionpack (4.0.2) lib/action_dispatch/middleware/remote_ip.rb:76:in `call'
  better_errors (1.1.0) lib/better_errors/middleware.rb:84:in `protected_app_call'
  better_errors (1.1.0) lib/better_errors/middleware.rb:79:in `better_errors_call'
  better_errors (1.1.0) lib/better_errors/middleware.rb:56:in `call'
  actionpack (4.0.2) lib/action_dispatch/middleware/debug_exceptions.rb:17:in `call'
  actionpack (4.0.2) lib/action_dispatch/middleware/show_exceptions.rb:30:in `call'
  railties (4.0.2) lib/rails/rack/logger.rb:38:in `call_app'
  railties (4.0.2) lib/rails/rack/logger.rb:20:in `block in call'
  activesupport (4.0.2) lib/active_support/tagged_logging.rb:67:in `block in tagged'
  activesupport (4.0.2) lib/active_support/tagged_logging.rb:25:in `tagged'
  activesupport (4.0.2) lib/active_support/tagged_logging.rb:67:in `tagged'
  railties (4.0.2) lib/rails/rack/logger.rb:20:in `call'
  actionpack (4.0.2) lib/action_dispatch/middleware/request_id.rb:21:in `call'
  rack (1.5.2) lib/rack/methodoverride.rb:21:in `call'
  rack (1.5.2) lib/rack/runtime.rb:17:in `call'
  activesupport (4.0.2) lib/active_support/cache/strategy/local_cache.rb:83:in `call'
  rack (1.5.2) lib/rack/lock.rb:17:in `call'
  actionpack (4.0.2) lib/action_dispatch/middleware/static.rb:64:in `call'
  rack (1.5.2) lib/rack/sendfile.rb:112:in `call'
  railties (4.0.2) lib/rails/engine.rb:511:in `call'
  railties (4.0.2) lib/rails/application.rb:97:in `call'
  rack (1.5.2) lib/rack/lock.rb:17:in `call'
  rack (1.5.2) lib/rack/content_length.rb:14:in `call'
  rack (1.5.2) lib/rack/handler/webrick.rb:60:in `service'
  /Users/harrison/.rvm/rubies/ruby-2.1.0/lib/ruby/2.1.0/webrick/httpserver.rb:138:in `service'
  /Users/harrison/.rvm/rubies/ruby-2.1.0/lib/ruby/2.1.0/webrick/httpserver.rb:94:in `run'
  /Users/harrison/.rvm/rubies/ruby-2.1.0/lib/ruby/2.1.0/webrick/server.rb:295:in `block in start_thread'



Started POST "/__better_errors/2186392920/variables" for 127.0.0.1 at 2014-02-15 03:53:45 +0400


Started GET "/" for 127.0.0.1 at 2014-02-15 03:54:16 +0400

RuntimeError - YAML syntax error occurred while parsing /Users/harrison/Development/src/unlisted/config/database.yml. Please note that YAML must be consistently indented using spaces. Tabs are not allowed. Error: (<unknown>): could not find expected ':' while scanning a simple key at line 7 column 3:
  railties (4.0.2) lib/rails/application/configuration.rb:113:in `rescue in database_configuration'
  railties (4.0.2) lib/rails/application/configuration.rb:103:in `database_configuration'
  activerecord (4.0.2) lib/active_record/railtie.rb:175:in `block (2 levels) in <class:Railtie>'
  activesupport (4.0.2) lib/active_support/lazy_load_hooks.rb:38:in `execute_hook'
  activesupport (4.0.2) lib/active_support/lazy_load_hooks.rb:45:in `block in run_load_hooks'
  activesupport (4.0.2) lib/active_support/lazy_load_hooks.rb:44:in `run_load_hooks'
  activerecord (4.0.2) lib/active_record/base.rb:322:in `<module:ActiveRecord>'
  activerecord (4.0.2) lib/active_record/base.rb:22:in `<top (required)>'
  activerecord (4.0.2) lib/active_record/connection_adapters/abstract/connection_pool.rb:633:in `rescue in call'
  activerecord (4.0.2) lib/active_record/connection_adapters/abstract/connection_pool.rb:624:in `call'
  activerecord (4.0.2) lib/active_record/migration.rb:369:in `call'
  actionpack (4.0.2) lib/action_dispatch/middleware/callbacks.rb:29:in `block in call'
  activesupport (4.0.2) lib/active_support/callbacks.rb:373:in `_run__337475277559390175__call__callbacks'
  activesupport (4.0.2) lib/active_support/callbacks.rb:80:in `run_callbacks'
  actionpack (4.0.2) lib/action_dispatch/middleware/callbacks.rb:27:in `call'
  actionpack (4.0.2) lib/action_dispatch/middleware/reloader.rb:64:in `call'
  actionpack (4.0.2) lib/action_dispatch/middleware/remote_ip.rb:76:in `call'
  better_errors (1.1.0) lib/better_errors/middleware.rb:84:in `protected_app_call'
  better_errors (1.1.0) lib/better_errors/middleware.rb:79:in `better_errors_call'
  better_errors (1.1.0) lib/better_errors/middleware.rb:56:in `call'
  actionpack (4.0.2) lib/action_dispatch/middleware/debug_exceptions.rb:17:in `call'
  actionpack (4.0.2) lib/action_dispatch/middleware/show_exceptions.rb:30:in `call'
  railties (4.0.2) lib/rails/rack/logger.rb:38:in `call_app'
  railties (4.0.2) lib/rails/rack/logger.rb:20:in `block in call'
  activesupport (4.0.2) lib/active_support/tagged_logging.rb:67:in `block in tagged'
  activesupport (4.0.2) lib/active_support/tagged_logging.rb:25:in `tagged'
  activesupport (4.0.2) lib/active_support/tagged_logging.rb:67:in `tagged'
  railties (4.0.2) lib/rails/rack/logger.rb:20:in `call'
  actionpack (4.0.2) lib/action_dispatch/middleware/request_id.rb:21:in `call'
  rack (1.5.2) lib/rack/methodoverride.rb:21:in `call'
  rack (1.5.2) lib/rack/runtime.rb:17:in `call'
  activesupport (4.0.2) lib/active_support/cache/strategy/local_cache.rb:83:in `call'
  rack (1.5.2) lib/rack/lock.rb:17:in `call'
  actionpack (4.0.2) lib/action_dispatch/middleware/static.rb:64:in `call'
  rack (1.5.2) lib/rack/sendfile.rb:112:in `call'
  railties (4.0.2) lib/rails/engine.rb:511:in `call'
  railties (4.0.2) lib/rails/application.rb:97:in `call'
  rack (1.5.2) lib/rack/lock.rb:17:in `call'
  rack (1.5.2) lib/rack/content_length.rb:14:in `call'
  rack (1.5.2) lib/rack/handler/webrick.rb:60:in `service'
  /Users/harrison/.rvm/rubies/ruby-2.1.0/lib/ruby/2.1.0/webrick/httpserver.rb:138:in `service'
  /Users/harrison/.rvm/rubies/ruby-2.1.0/lib/ruby/2.1.0/webrick/httpserver.rb:94:in `run'
  /Users/harrison/.rvm/rubies/ruby-2.1.0/lib/ruby/2.1.0/webrick/server.rb:295:in `block in start_thread'



Started POST "/__better_errors/2212591540/variables" for 127.0.0.1 at 2014-02-15 03:54:16 +0400


Started GET "/" for 127.0.0.1 at 2014-02-15 03:55:11 +0400
Processing by PagesController#view as HTML
  Rendered pages/view.html.erb within layouts/application (1.9ms)
Completed 200 OK in 436ms (Views: 420.6ms | ActiveRecord: 0.0ms)


Started GET "/assets/application.css?body=1" for 127.0.0.1 at 2014-02-15 03:55:11 +0400


Started GET "/assets/main.css?body=1" for 127.0.0.1 at 2014-02-15 03:55:11 +0400


Started GET "/assets/jquery.js?body=1" for 127.0.0.1 at 2014-02-15 03:55:11 +0400


Started GET "/assets/jquery_ujs.js?body=1" for 127.0.0.1 at 2014-02-15 03:55:11 +0400


Started GET "/assets/turbolinks.js?body=1" for 127.0.0.1 at 2014-02-15 03:55:11 +0400


Started GET "/assets/pages.js?body=1" for 127.0.0.1 at 2014-02-15 03:55:11 +0400


Started GET "/assets/application.js?body=1" for 127.0.0.1 at 2014-02-15 03:55:11 +0400


Started GET "/assets/collage1.jpg" for 127.0.0.1 at 2014-02-15 03:55:11 +0400


Started GET "/assets/collage2.jpg" for 127.0.0.1 at 2014-02-15 03:55:11 +0400


Started GET "/assets/collage3.jpeg" for 127.0.0.1 at 2014-02-15 03:55:12 +0400


Started GET "/assets/collage4.jpeg" for 127.0.0.1 at 2014-02-15 03:55:12 +0400


Started GET "/assets/collage5.jpeg" for 127.0.0.1 at 2014-02-15 03:55:12 +0400


Started GET "/assets/collage6.jpg" for 127.0.0.1 at 2014-02-15 03:55:12 +0400


Started GET "/assets/collage7.jpeg" for 127.0.0.1 at 2014-02-15 03:55:12 +0400


Started GET "/assets/collage8.jpg" for 127.0.0.1 at 2014-02-15 03:55:12 +0400


Started GET "/assets/collage9.jpg" for 127.0.0.1 at 2014-02-15 03:55:12 +0400


Started GET "/assets/collage10.jpeg" for 127.0.0.1 at 2014-02-15 03:55:12 +0400


Started GET "/assets/collage11.jpg" for 127.0.0.1 at 2014-02-15 03:55:12 +0400


Started GET "/assets/collage12.jpeg" for 127.0.0.1 at 2014-02-15 03:55:12 +0400
